<?xml version="1.0" encoding="UTF-8"?>
<!-- Generated by org.testng.reporters.JUnitReportReporter -->
<testsuite hostname="chndippd03s1.data.cox.com" name="com.reqresLoginTests.LoginTests" tests="6" failures="0" timestamp="24 Aug 2019 00:55:19 GMT" time="0.086" errors="0">
  <testcase name="successfulLogin" time="0.005" classname="com.reqresLoginTests.LoginTests"/>
  <testcase name="invalidPassword_butValidUsername" time="0.004" classname="com.reqresLoginTests.LoginTests"/>
  <testcase name="invalidUsername" time="0.005" classname="com.reqresLoginTests.LoginTests"/>
  <testcase name="invalidUsername" time="0.007" classname="com.reqresLoginTests.LoginTests"/>
  <testcase name="successfulLogin" time="0.060" classname="com.reqresLoginTests.LoginTests"/>
  <testcase name="invalidPassword_butValidUsername" time="0.005" classname="com.reqresLoginTests.LoginTests"/>
</testsuite> <!-- com.reqresLoginTests.LoginTests -->
