<?xml version="1.0" encoding="UTF-8"?>
<!-- Generated by org.testng.reporters.JUnitReportReporter -->
<testsuite hostname="chndippd03s1.data.cox.com" name="com.reqresLoginTests.LoginTests" tests="3" failures="0" timestamp="24 Aug 2019 01:57:42 GMT" time="0.718" errors="0">
  <testcase name="invalidPassword_butValidUsername" time="0.628" classname="com.reqresLoginTests.LoginTests"/>
  <testcase name="successfulLogin" time="0.081" classname="com.reqresLoginTests.LoginTests"/>
  <testcase name="invalidUsername" time="0.009" classname="com.reqresLoginTests.LoginTests"/>
</testsuite> <!-- com.reqresLoginTests.LoginTests -->
