<?xml version="1.0" encoding="UTF-8"?>
<!-- Generated by org.testng.reporters.JUnitReportReporter -->
<testsuite hostname="chndippd03s1.data.cox.com" name="com.reqresLoginTests.LoginTests" tests="6" failures="0" timestamp="24 Aug 2019 01:31:17 GMT" time="0.068" errors="0">
  <testcase name="invalidUsername" time="0.003" classname="com.reqresLoginTests.LoginTests"/>
  <testcase name="invalidUsername" time="0.002" classname="com.reqresLoginTests.LoginTests"/>
  <testcase name="invalidPassword_butValidUsername" time="0.002" classname="com.reqresLoginTests.LoginTests"/>
  <testcase name="successfulLogin" time="0.002" classname="com.reqresLoginTests.LoginTests"/>
  <testcase name="invalidPassword_butValidUsername" time="0.003" classname="com.reqresLoginTests.LoginTests"/>
  <testcase name="successfulLogin" time="0.056" classname="com.reqresLoginTests.LoginTests"/>
</testsuite> <!-- com.reqresLoginTests.LoginTests -->
